{
  "RSpec": {
    "coverage": {
      "/home/nexoos/proj/ruby-dev-test-1/app/spec/requests/users_spec.rb": {
        "lines": [
          1,
          null,
          1,
          1,
          null,
          1,
          null,
          1,
          1,
          null,
          1,
          1,
          null,
          null
        ]
      },
      "/home/nexoos/proj/ruby-dev-test-1/app/app/models/user.rb": {
        "lines": [
          1,
          1,
          null
        ]
      },
      "/home/nexoos/proj/ruby-dev-test-1/app/app/models/application_record.rb": {
        "lines": [
          1,
          1,
          null
        ]
      },
      "/home/nexoos/proj/ruby-dev-test-1/app/app/controllers/contracts_controller.rb": {
        "lines": [
          1,
          1,
          1,
          null,
          null,
          null,
          null,
          null,
          1,
          1,
          null,
          null,
          null,
          null,
          null,
          1,
          2,
          null,
          null,
          1,
          null,
          1,
          null,
          null,
          1,
          null,
          1,
          2,
          null,
          null,
          null,
          null
        ]
      },
      "/home/nexoos/proj/ruby-dev-test-1/app/app/controllers/application_controller.rb": {
        "lines": [
          1,
          null
        ]
      },
      "/home/nexoos/proj/ruby-dev-test-1/app/app/processors/contracts/creator_processor.rb": {
        "lines": [
          null,
          null,
          1,
          null,
          1,
          1,
          2,
          null,
          null,
          null
        ]
      },
      "/home/nexoos/proj/ruby-dev-test-1/app/app/repositories/contracts/create.rb": {
        "lines": [
          null,
          null,
          1,
          1,
          1,
          2,
          null,
          null,
          null
        ]
      },
      "/home/nexoos/proj/ruby-dev-test-1/app/app/poros/contracts/poro.rb": {
        "lines": [
          1,
          1,
          1,
          null,
          1,
          7,
          7,
          7,
          null,
          null,
          null
        ]
      },
      "/home/nexoos/proj/ruby-dev-test-1/app/app/models/contract.rb": {
        "lines": [
          1,
          1,
          1,
          null,
          1,
          null
        ]
      },
      "/home/nexoos/proj/ruby-dev-test-1/app/app/uploaders/contract_uploader.rb": {
        "lines": [
          1,
          1,
          13,
          null,
          null,
          1,
          14,
          null,
          null
        ]
      },
      "/home/nexoos/proj/ruby-dev-test-1/app/app/uploaders/application_uploader.rb": {
        "lines": [
          1,
          null
        ]
      },
      "/home/nexoos/proj/ruby-dev-test-1/app/app/validators/contract_file_validator.rb": {
        "lines": [
          1,
          1,
          8,
          null,
          null
        ]
      },
      "/home/nexoos/proj/ruby-dev-test-1/app/app/repositories/contracts/finder.rb": {
        "lines": [
          null,
          null,
          1,
          null,
          1,
          1,
          1,
          null,
          null,
          null
        ]
      },
      "/home/nexoos/proj/ruby-dev-test-1/app/app/repositories/contracts/fetch_page.rb": {
        "lines": [
          null,
          null,
          1,
          null,
          1,
          1,
          1,
          null,
          null,
          1,
          1,
          null,
          null,
          null
        ]
      },
      "/home/nexoos/proj/ruby-dev-test-1/app/app/poros/contracts/list_poro.rb": {
        "lines": [
          1,
          1,
          1,
          null,
          1,
          1,
          5,
          null,
          null,
          null,
          null
        ]
      },
      "/home/nexoos/proj/ruby-dev-test-1/app/app/controllers/users_controller.rb": {
        "lines": [
          1,
          1,
          1,
          null,
          null,
          null,
          null
        ]
      },
      "/home/nexoos/proj/ruby-dev-test-1/app/app/repositories/users/fetch_page.rb": {
        "lines": [
          1,
          1,
          1,
          1,
          null,
          null,
          1,
          null,
          1,
          1,
          null,
          null,
          null
        ]
      },
      "/home/nexoos/proj/ruby-dev-test-1/app/app/poros/users/list_poro.rb": {
        "lines": [
          1,
          1,
          1,
          null,
          1,
          1,
          6,
          null,
          null,
          null,
          null
        ]
      },
      "/home/nexoos/proj/ruby-dev-test-1/app/app/poros/users/poro.rb": {
        "lines": [
          1,
          1,
          1,
          null,
          1,
          6,
          6,
          null,
          null,
          null
        ]
      }
    },
    "timestamp": 1635120354
  }
}
