{
  "RSpec": {
    "coverage": {
      "/Users/regisleandro/Projetos/rails7-demo/ruby-dev-test-1/app/models/file_module/blob.rb": {
        "lines": [
          null,
          null,
          1,
          1,
          1,
          null,
          null
        ]
      },
      "/Users/regisleandro/Projetos/rails7-demo/ruby-dev-test-1/app/models/storage.rb": {
        "lines": [
          null,
          null,
          1,
          1,
          null,
          1,
          null,
          1,
          4,
          null,
          null
        ]
      },
      "/Users/regisleandro/Projetos/rails7-demo/ruby-dev-test-1/app/models/application_record.rb": {
        "lines": [
          null,
          null,
          1,
          1,
          null
        ]
      },
      "/Users/regisleandro/Projetos/rails7-demo/ruby-dev-test-1/spec/models/file_module/local_spec.rb": {
        "lines": [
          null,
          null,
          1,
          null,
          1,
          1,
          2,
          null,
          null,
          1,
          2,
          null,
          null
        ]
      },
      "/Users/regisleandro/Projetos/rails7-demo/ruby-dev-test-1/app/models/file_module/local.rb": {
        "lines": [
          null,
          null,
          1,
          1,
          1,
          null,
          null
        ]
      },
      "/Users/regisleandro/Projetos/rails7-demo/ruby-dev-test-1/spec/models/file_module/s3_spec.rb": {
        "lines": [
          null,
          null,
          1,
          null,
          1,
          1,
          2,
          null,
          null,
          1,
          2,
          null,
          null
        ]
      },
      "/Users/regisleandro/Projetos/rails7-demo/ruby-dev-test-1/app/models/file_module/s3.rb": {
        "lines": [
          null,
          null,
          1,
          1,
          1,
          null,
          null
        ]
      },
      "/Users/regisleandro/Projetos/rails7-demo/ruby-dev-test-1/spec/models/folder_spec.rb": {
        "lines": [
          null,
          null,
          1,
          null,
          1,
          1,
          2,
          2,
          2,
          null,
          null,
          1,
          3,
          null,
          2,
          2,
          null,
          null,
          1,
          1,
          3,
          null,
          1,
          1,
          1,
          null,
          null,
          1,
          1,
          null,
          1,
          null,
          null,
          null,
          null,
          1,
          6,
          5,
          null,
          1,
          1,
          1,
          1,
          null,
          null,
          1,
          1,
          1,
          1,
          null,
          null,
          1,
          1,
          2,
          null,
          null,
          1,
          1,
          1,
          null,
          null,
          1,
          1,
          1,
          1,
          3,
          1,
          null,
          null,
          null
        ]
      },
      "/Users/regisleandro/Projetos/rails7-demo/ruby-dev-test-1/app/models/folder.rb": {
        "lines": [
          null,
          null,
          null,
          1,
          null,
          1,
          1,
          1,
          null,
          1,
          null,
          1,
          null,
          1,
          null,
          1,
          null,
          1,
          5,
          5,
          null,
          4,
          4,
          4,
          null,
          null,
          1,
          null,
          1,
          57,
          null,
          null,
          1,
          5,
          2,
          2,
          null,
          null,
          null
        ]
      },
      "/Users/regisleandro/Projetos/rails7-demo/ruby-dev-test-1/spec/models/storage_spec.rb": {
        "lines": [
          null,
          null,
          1,
          1,
          2,
          null,
          null,
          1,
          2,
          2,
          null,
          null,
          1,
          2,
          2,
          null,
          1,
          1,
          null,
          null,
          null
        ]
      },
      "/Users/regisleandro/Projetos/rails7-demo/ruby-dev-test-1/spec/requests/api/files_controller_request_spec.rb": {
        "lines": [
          null,
          null,
          1,
          null,
          1,
          1,
          1,
          1,
          null,
          null,
          null,
          null,
          null,
          null,
          1,
          1,
          1,
          null,
          null,
          1,
          2,
          null,
          null,
          null,
          null,
          null,
          null,
          null,
          null,
          null,
          1,
          1,
          1,
          1,
          null,
          null,
          null,
          null,
          1,
          1,
          1,
          null,
          null,
          null,
          null,
          1,
          1,
          1,
          1,
          1,
          1,
          null,
          null,
          null,
          1,
          1,
          1,
          1,
          1,
          null,
          null,
          null,
          null,
          1,
          2,
          null,
          1,
          1,
          1,
          1,
          1,
          null,
          null,
          null,
          1,
          1,
          1,
          1,
          1,
          null,
          null,
          null,
          null
        ]
      },
      "/Users/regisleandro/Projetos/rails7-demo/ruby-dev-test-1/app/controllers/api/files_controller.rb": {
        "lines": [
          null,
          null,
          1,
          1,
          1,
          2,
          null,
          1,
          null,
          null,
          1,
          2,
          null,
          1,
          null,
          null,
          1,
          2,
          null,
          1,
          null,
          null,
          null
        ]
      },
      "/Users/regisleandro/Projetos/rails7-demo/ruby-dev-test-1/app/controllers/api/api_controller.rb": {
        "lines": [
          null,
          null,
          1,
          1,
          1,
          null,
          null
        ]
      },
      "/Users/regisleandro/Projetos/rails7-demo/ruby-dev-test-1/app/controllers/application_controller.rb": {
        "lines": [
          null,
          null,
          1,
          null
        ]
      },
      "/Users/regisleandro/Projetos/rails7-demo/ruby-dev-test-1/spec/requests/api/folders_controller_request_spec.rb": {
        "lines": [
          null,
          null,
          1,
          null,
          1,
          1,
          1,
          1,
          1,
          null,
          null,
          null,
          null,
          1,
          2,
          null,
          null,
          null,
          null,
          null,
          1,
          1,
          1,
          null,
          null,
          null,
          null,
          1,
          1,
          2,
          null,
          null,
          null,
          null,
          1,
          1,
          1,
          1,
          null,
          null,
          null,
          1,
          null,
          1,
          1,
          1,
          null,
          null,
          null,
          null,
          1,
          2,
          null,
          1,
          1,
          1,
          1,
          null,
          null,
          null
        ]
      },
      "/Users/regisleandro/Projetos/rails7-demo/ruby-dev-test-1/app/controllers/api/folders_controller.rb": {
        "lines": [
          null,
          null,
          1,
          1,
          1,
          3,
          null,
          null,
          1,
          1,
          1,
          0,
          0,
          null,
          null,
          null,
          1,
          1,
          null,
          null,
          null
        ]
      },
      "/Users/regisleandro/Projetos/rails7-demo/ruby-dev-test-1/spec/services/file_service_spec.rb": {
        "lines": [
          null,
          null,
          1,
          null,
          1,
          1,
          1,
          null,
          3,
          null,
          null,
          null,
          null,
          4,
          4,
          4,
          4,
          null,
          1,
          3,
          null,
          null,
          1,
          2,
          null,
          1,
          1,
          null,
          null,
          1,
          2,
          null,
          null,
          null,
          null,
          null,
          1,
          2,
          null,
          1,
          2,
          null,
          null,
          null,
          null,
          null,
          null,
          1,
          2,
          null,
          1,
          2,
          null,
          null,
          null,
          null,
          null,
          null,
          null,
          1,
          2,
          2,
          2,
          null,
          1,
          2,
          null,
          1,
          1,
          null,
          null,
          null,
          null
        ]
      },
      "/Users/regisleandro/Projetos/rails7-demo/ruby-dev-test-1/app/services/file_service.rb": {
        "lines": [
          null,
          null,
          1,
          null,
          1,
          null,
          null,
          null,
          null,
          1,
          7,
          7,
          7,
          null,
          null,
          1,
          5,
          null,
          5,
          null,
          4,
          null,
          4,
          1,
          null,
          3,
          null,
          null,
          4,
          null,
          4,
          4,
          null,
          null,
          1,
          2,
          null,
          null
        ]
      },
      "/Users/regisleandro/Projetos/rails7-demo/ruby-dev-test-1/spec/services/folder_service_spec.rb": {
        "lines": [
          null,
          null,
          1,
          null,
          1,
          1,
          1,
          2,
          null,
          null,
          null,
          3,
          null,
          1,
          1,
          2,
          null,
          null,
          null,
          null,
          null,
          1,
          1,
          1,
          2,
          null,
          null,
          null,
          null
        ]
      },
      "/Users/regisleandro/Projetos/rails7-demo/ruby-dev-test-1/app/services/folder_service.rb": {
        "lines": [
          null,
          null,
          1,
          1,
          13,
          null,
          null,
          1,
          14,
          null,
          14,
          9,
          9,
          null,
          9,
          9,
          9,
          null,
          14,
          null,
          null,
          1,
          9,
          9,
          9,
          null,
          9,
          9,
          21,
          null,
          null,
          9,
          null,
          null
        ]
      }
    },
    "timestamp": 1685362893
  }
}
